  OpenGL_Demon.cpp
  GLM: rotate function taking degrees as a parameter is deprecated. #define GLM_FORCE_RADIANS before including GLM headers to remove this message.
  GLM: rotate_slow function taking degrees as a parameter is deprecated. #define GLM_FORCE_RADIANS before including GLM headers to remove this message.
  GLM: perspective function taking degrees as a parameter is deprecated. #define GLM_FORCE_RADIANS before including GLM headers to remove this message.
  GLM: perspectiveFov function taking degrees as a parameter is deprecated. #define GLM_FORCE_RADIANS before including GLM headers to remove this message.
  GLM: infinitePerspective function taking degrees as a parameter is deprecated. #define GLM_FORCE_RADIANS before including GLM headers to remove this message.
  GLM: tweakedInfinitePerspective function taking degrees as a parameter is deprecated. #define GLM_FORCE_RADIANS before including GLM headers to remove this message.
  GLM: rotate function taking degrees as a parameter is deprecated. #define GLM_FORCE_RADIANS before including GLM headers to remove this message.
  GLM: roll function returning degrees is deprecated. #define GLM_FORCE_RADIANS before including GLM headers to remove this message.
  GLM: pitch function returning degrees is deprecated. #define GLM_FORCE_RADIANS before including GLM headers to remove this message.
  GLM: yaw function returning degrees is deprecated. #define GLM_FORCE_RADIANS before including GLM headers to remove this message.
  GLM: angle function returning degrees is deprecated. #define GLM_FORCE_RADIANS before including GLM headers to remove this message.
  GLM: angleAxis function taking degrees as a parameter is deprecated. #define GLM_FORCE_RADIANS before including GLM headers to remove this message.
C:\Users\Admin\source\repos\OpenGL_Demon\OpenGL_Demon\OpenGL_Demon.cpp(324,33): warning C4244: инициализация: преобразование "int" в "float", возможна потеря данных
C:\Users\Admin\source\repos\OpenGL_Demon\OpenGL_Demon\OpenGL_Demon.cpp(325,24): warning C4244: аргумент: преобразование "float" в "const _Ty", возможна потеря данных
          with
          [
              _Ty=int
          ]
C:\Users\Admin\source\repos\OpenGL_Demon\OpenGL_Demon\OpenGL_Demon.cpp(329,33): warning C4244: инициализация: преобразование "int" в "float", возможна потеря данных
C:\Users\Admin\source\repos\OpenGL_Demon\OpenGL_Demon\OpenGL_Demon.cpp(330,24): warning C4244: аргумент: преобразование "float" в "const _Ty", возможна потеря данных
          with
          [
              _Ty=int
          ]
C:\Users\Admin\source\repos\OpenGL_Demon\OpenGL_Demon\OpenGL_Demon.cpp(334,32): warning C4244: инициализация: преобразование "int" в "float", возможна потеря данных
C:\Users\Admin\source\repos\OpenGL_Demon\OpenGL_Demon\OpenGL_Demon.cpp(335,24): warning C4244: аргумент: преобразование "float" в "const _Ty", возможна потеря данных
          with
          [
              _Ty=int
          ]
C:\Users\Admin\source\repos\OpenGL_Demon\OpenGL_Demon\OpenGL_Demon.cpp(339,34): warning C4244: инициализация: преобразование "int" в "float", возможна потеря данных
C:\Users\Admin\source\repos\OpenGL_Demon\OpenGL_Demon\OpenGL_Demon.cpp(340,24): warning C4244: аргумент: преобразование "float" в "const _Ty", возможна потеря данных
          with
          [
              _Ty=int
          ]
C:\Users\Admin\source\repos\OpenGL_Demon\OpenGL_Demon\OpenGL_Demon.cpp(371,2): warning C4305: инициализация: усечение из "double" в "float"
C:\Users\Admin\source\repos\OpenGL_Demon\OpenGL_Demon\OpenGL_Demon.cpp(391,2): warning C4305: инициализация: усечение из "double" в "float"
C:\Users\Admin\source\repos\OpenGL_Demon\OpenGL_Demon\OpenGL_Demon.cpp(526,2): warning C4305: инициализация: усечение из "double" в "float"
C:\Users\Admin\source\repos\OpenGL_Demon\OpenGL_Demon\OpenGL_Demon.cpp(627,23): warning C4244: инициализация: преобразование "double" в "GLfloat", возможна потеря данных
C:\Users\Admin\source\repos\OpenGL_Demon\OpenGL_Demon\OpenGL_Demon.cpp(666,11): warning C4244: =: преобразование "double" в "GLfloat", возможна потеря данных
C:\Users\Admin\source\repos\OpenGL_Demon\OpenGL_Demon\OpenGL_Demon.cpp(667,11): warning C4244: =: преобразование "double" в "GLfloat", возможна потеря данных
C:\Users\Admin\source\repos\OpenGL_Demon\OpenGL_Demon\OpenGL_Demon.cpp(671,18): warning C4244: инициализация: преобразование "double" в "GLfloat", возможна потеря данных
C:\Users\Admin\source\repos\OpenGL_Demon\OpenGL_Demon\OpenGL_Demon.cpp(672,18): warning C4244: инициализация: преобразование "double" в "GLfloat", возможна потеря данных
C:\Users\Admin\source\repos\OpenGL_Demon\OpenGL_Demon\OpenGL_Demon.cpp(674,10): warning C4244: =: преобразование "double" в "GLfloat", возможна потеря данных
C:\Users\Admin\source\repos\OpenGL_Demon\OpenGL_Demon\OpenGL_Demon.cpp(675,10): warning C4244: =: преобразование "double" в "GLfloat", возможна потеря данных
C:\Users\Admin\source\repos\OpenGL_Demon\OpenGL_Demon\OpenGL_Demon.cpp(683,28): warning C4244: аргумент: преобразование "double" в "GLfloat", возможна потеря данных
  GLM: perspective function taking degrees as a parameter is deprecated. #define GLM_FORCE_RADIANS before including GLM headers to remove this message.
LINK : warning LNK4098: библиотека по умолчанию "MSVCRT" конфликтует с использованием других библиотек; используйте /NODEFAULTLIB:library
LINK : warning LNK4098: библиотека по умолчанию "LIBCMT" конфликтует с использованием других библиотек; используйте /NODEFAULTLIB:library
LINK : warning LNK4286: Символ "___glewAttachShader", определенный в "glew32s.lib(glew.obj)", импортирован "Shader.obj".
LINK : warning LNK4286: Символ "___glewCompileShader", определенный в "glew32s.lib(glew.obj)", импортирован "Shader.obj".
LINK : warning LNK4286: Символ "___glewCreateProgram", определенный в "glew32s.lib(glew.obj)", импортирован "Shader.obj".
LINK : warning LNK4286: Символ "___glewCreateShader", определенный в "glew32s.lib(glew.obj)", импортирован "Shader.obj".
LINK : warning LNK4286: Символ "___glewDeleteShader", определенный в "glew32s.lib(glew.obj)", импортирован "Shader.obj".
LINK : warning LNK4286: Символ "___glewGetProgramInfoLog", определенный в "glew32s.lib(glew.obj)", импортирован "Shader.obj".
LINK : warning LNK4286: Символ "___glewGetProgramiv", определенный в "glew32s.lib(glew.obj)", импортирован "Shader.obj".
LINK : warning LNK4286: Символ "___glewGetShaderInfoLog", определенный в "glew32s.lib(glew.obj)", импортирован "Shader.obj".
LINK : warning LNK4286: Символ "___glewGetShaderiv", определенный в "glew32s.lib(glew.obj)", импортирован "Shader.obj".
LINK : warning LNK4286: Символ "___glewLinkProgram", определенный в "glew32s.lib(glew.obj)", импортирован "Shader.obj".
LINK : warning LNK4286: Символ "___glewShaderSource", определенный в "glew32s.lib(glew.obj)", импортирован "Shader.obj".
LINK : warning LNK4286: Символ "___glewUseProgram", определенный в "glew32s.lib(glew.obj)", импортирован "Shader.obj".
glew32s.lib(glew.obj) : warning LNK4099: "vc120.pdb" PDB не найден с "glew32s.lib(glew.obj)" или на "C:\Users\Admin\source\repos\OpenGL_Demon\Debug\vc120.pdb"; компоновка объекта выполняется как при отсутствии отладочных данных
soil2-debug.lib(SOIL2.obj) : warning LNK4099: "soil2-static-lib.pdb" PDB не найден с "soil2-debug.lib(SOIL2.obj)" или на "C:\Users\Admin\source\repos\OpenGL_Demon\Debug\soil2-static-lib.pdb"; компоновка объекта выполняется как при отсутствии отладочных данных
soil2-debug.lib(image_DXT.obj) : warning LNK4099: "soil2-static-lib.pdb" PDB не найден с "soil2-debug.lib(image_DXT.obj)" или на "C:\Users\Admin\source\repos\OpenGL_Demon\Debug\soil2-static-lib.pdb"; компоновка объекта выполняется как при отсутствии отладочных данных
soil2-debug.lib(image_helper.obj) : warning LNK4099: "soil2-static-lib.pdb" PDB не найден с "soil2-debug.lib(image_helper.obj)" или на "C:\Users\Admin\source\repos\OpenGL_Demon\Debug\soil2-static-lib.pdb"; компоновка объекта выполняется как при отсутствии отладочных данных
soil2-debug.lib(wfETC.obj) : warning LNK4099: "soil2-static-lib.pdb" PDB не найден с "soil2-debug.lib(wfETC.obj)" или на "C:\Users\Admin\source\repos\OpenGL_Demon\Debug\soil2-static-lib.pdb"; компоновка объекта выполняется как при отсутствии отладочных данных
  OpenGL_Demon.vcxproj -> C:\Users\Admin\source\repos\OpenGL_Demon\Debug\OpenGL_Demon.exe
